<?xml version="1.0" encoding="UTF-8"?>
<!-- Generated by org.testng.reporters.JUnitReportReporter -->
<testsuite hostname="VigneshRaj" failures="0" tests="1" name="Chome.LoginPage" time="12.212" errors="0" timestamp="2024-03-19T13:55:46 IST" skipped="0">
  <testcase classname="Chome.LoginPage" name="loginBase" time="12.212"/>
</testsuite> <!-- Chome.LoginPage -->
