<?xml version="1.0" encoding="UTF-8"?>
<!-- Generated by org.testng.reporters.JUnitReportReporter -->
<testsuite hostname="VigneshRaj" failures="0" tests="1" name="Chome.MainPage" time="107.152" errors="0" timestamp="2024-03-30T11:57:22 IST" skipped="0">
  <testcase classname="Chome.MainPage" name="loginBase" time="107.152"/>
</testsuite> <!-- Chome.MainPage -->
